[LOG] Instance Signature: d3ffccd45ff6d6f7bf8cd08b4c1d9e0c00635ab4_1663992304
[LOG] Hyprland PID: 9022
[LOG] ===== SYSTEM INFO: =====
[LOG] System name: Linux
[LOG] Node name: zenstation
[LOG] Release: 5.19.10-zen1-1-zen
[LOG] Version: #1 ZEN SMP PREEMPT_DYNAMIC Wed, 21 Sep 2022 21:36:15 +0000
[LOG] os-release:
NAME="Artix Linux"
PRETTY_NAME="Artix Linux"
ID=artix
BUILD_ID=rolling
ANSI_COLOR="0;36"
HOME_URL="https://www.artixlinux.org/"
DOCUMENTATION_URL="https://wiki.artixlinux.org/"
SUPPORT_URL="https://forum.artixlinux.org/"
BUG_REPORT_URL="https://bugs.artixlinux.org/"
LOGO=artixlinux

[LOG] ========================



[INFO] If you are crashing, or encounter any bugs, please consult https://github.com/hyprwm/Hyprland/wiki/Crashing-and-bugs


[LOG] 
Current splash: What's in your head, in your head?


[LOG] Hyprland init finished.
[LOG] Creating the CHyprError!
[LOG] Creating the KeybindManager!
[LOG] Creating the AnimationManager!
[LOG] Created a bezier curve, baked 200 points, mem usage: 3.20kB, time to bake: 21.50µs. Estimated average calc time: 0.00µs.
[LOG] Creating the LayoutManager!
[LOG] Creating the ConfigManager!
[LOG] Creating the ThreadManager!
[LOG] Reloading the config!
[LOG] Created a bezier curve, baked 200 points, mem usage: 3.20kB, time to bake: 5.88µs. Estimated average calc time: 0.00µs.
[LOG] Created a bezier curve, baked 200 points, mem usage: 3.20kB, time to bake: 5.86µs. Estimated average calc time: 0.00µs.
[LOG] Hypr socket started at /tmp/hypr/d3ffccd45ff6d6f7bf8cd08b4c1d9e0c00635ab4_1663992304/.socket.sock
[LOG] Creating the InputManager!
[LOG] Creating the CHyprOpenGLImpl!
[LOG] Creating the Hypr OpenGL Renderer!
[LOG] Using: OpenGL ES 3.2 Mesa 22.1.7
[LOG] Vendor: AMD
[LOG] Renderer: AMD RENOIR (LLVM 14.0.6, DRM 3.47, 5.19.10-zen1-1-zen)
[LOG] Supported extensions size: 146
[LOG] Creating the HyprRenderer!
[LOG] Creating the XWaylandManager!
[LOG] Registered signal for owner a8e4dbf0: a8e4dc28 -> a75bbac0 (owner: XWayland Manager)
[LOG] Registered signal for owner a8e4dbf0: a8e4dc38 -> a75bbaa0 (owner: XWayland Manager)
[LOG] CHyprXWaylandManager started on display :1
[LOG] Creating the EventManager!
[LOG] Creating the HyprDebugOverlay!
[LOG] Registered signal for owner a859aa80: a859aaa8 -> a75bba40 (owner: Backend)
[LOG] Registered signal for owner a8e422b0: a8e42300 -> a75bb9e0 (owner: XDG Shell)
[LOG] Registered signal for owner a8e42380: a8e42398 -> a75bb9c0 (owner: WLRCursor)
[LOG] Registered signal for owner a8e42380: a8e423a8 -> a75bb9a0 (owner: WLRCursor)
[LOG] Registered signal for owner a8e42380: a8e423b8 -> a75bb980 (owner: WLRCursor)
[LOG] Registered signal for owner a8e42380: a8e423c8 -> a75bb960 (owner: WLRCursor)
[LOG] Registered signal for owner a8e42380: a8e423d8 -> a75bb940 (owner: WLRCursor)
[LOG] Registered signal for owner a8e42380: a8e423e8 -> a75bb720 (owner: WLRCursor)
[LOG] Hypr socket 2 started at /tmp/hypr/d3ffccd45ff6d6f7bf8cd08b4c1d9e0c00635ab4_1663992304/.socket2.sock
[LOG] Registered signal for owner a8e42380: a8e423f8 -> a75bb6e0 (owner: WLRCursor)
[LOG] Registered signal for owner a8e42380: a8e42408 -> a75bb700 (owner: WLRCursor)
[LOG] Registered signal for owner a8e42380: a8e42418 -> a75bb6c0 (owner: WLRCursor)
[LOG] Registered signal for owner a8e42380: a8e42428 -> a75bb6a0 (owner: WLRCursor)
[LOG] Registered signal for owner a8e42380: a8e42438 -> a75bb680 (owner: WLRCursor)
[LOG] Registered signal for owner a8e42380: a8e42478 -> a75bb5e0 (owner: WLRCursor)
[LOG] Registered signal for owner a8e42380: a8e42468 -> a75bb5c0 (owner: WLRCursor)
[LOG] Registered signal for owner a8e42380: a8e42488 -> a75bb5a0 (owner: WLRCursor)
[LOG] Registered signal for owner a859aa80: a859aa98 -> a75bb920 (owner: Backend)
[LOG] Registered signal for owner a859a030: a8e7b518 -> a75bb8c0 (owner: Seat)
[LOG] Registered signal for owner a859a030: a8e7b528 -> a75bb8a0 (owner: Seat)
[LOG] Registered signal for owner a859a030: a8e7b568 -> a75bb820 (owner: Seat)
[LOG] Registered signal for owner a859a030: a8e7b578 -> a75bb800 (owner: Seat)
[LOG] Registered signal for owner a859a030: a8e7b528 -> a75bb8a0 (owner: Seat)
[LOG] Registered signal for owner a859a030: a8e7b548 -> a75bb880 (owner: Seat)
[LOG] Registered signal for owner a8e7b770: a8e7b790 -> a75bba00 (owner: LayerShell)
[LOG] Registered signal for owner a8e42060: a8e42080 -> a75bba60 (owner: OutputLayout)
[LOG] Registered signal for owner a8e7ba80: a8e7bab8 -> a75bb860 (owner: OutputMgr)
[LOG] Registered signal for owner a8e7ba80: a8e7bac8 -> a75bb840 (owner: OutputMgr)
[LOG] Registered signal for owner a8e7bb60: a8e7bb90 -> a75bb7e0 (owner: InhibitMgr)
[LOG] Registered signal for owner a8e7bb60: a8e7bba0 -> a75bb7c0 (owner: InhibitMgr)
[LOG] Registered signal for owner a8e7bda0: a8e7bdb8 -> a75bb8e0 (owner: PointerConstraints)
[LOG] Registered signal for owner a8e7b8e0: a8e7b910 -> a75bb7a0 (owner: XDGDecoMgr)
[LOG] Registered signal for owner a8e7bfa0: a8e7bfd0 -> a75bb900 (owner: VirtPtrMgr)
[LOG] Registered signal for owner a8e7bef0: a8e7bf20 -> a75bb600 (owner: VKeyboardMgr)
[LOG] Registered signal for owner a871f990: a871f9a0 -> a75bb780 (owner: WLRRenderer)
[LOG] Registered signal for owner a8f73200: a8f73230 -> a75bb760 (owner: WLRIdleInhibitMgr)
[LOG] Registered signal for owner a8e420b0: a8e420e0 -> a75bb660 (owner: PowerMgr)
[LOG] Registered signal for owner a8e45950: a8e45980 -> a75bb640 (owner: IMEMgr)
[LOG] Registered signal for owner a8e458a0: a8e458d0 -> a75bb620 (owner: TextInputMgr)
[LOG] Registered signal for owner a8599dd0: a8e7c140 -> a75bba20 (owner: DRM)
[LOG] Registered signal for owner a859ab10: a859ac70 -> a75bb740 (owner: Session)
[LOG] Running on WAYLAND_DISPLAY: wayland-0
[LOG] Attached a keyboard with name Power Button
[LOG] Registered signal for owner a8f7eda0: a902b1f0 -> a8f7eda8 (owner: Keyboard)
[LOG] Registered signal for owner a8f7eda0: a902b1e0 -> a8f7ee10 (owner: Keyboard)
[LOG] Registered signal for owner a8f7eda0: a902b0c0 -> a8f7eee0 (owner: Keyboard)
[LOG] Registered signal for owner a8f7eda0: a902b200 -> a8f7ee78 (owner: Keyboard)
[LOG] ApplyConfigToKeyboard for "Power Button", hasconfig: 0
[LOG] Attempting to create a keymap for layout us with variant  (rules: , model: , options: ctrl:nocaps,altwin:swap_lalt_lwin)
[LOG] Set the keyboard layout to us and variant to  for keyboard "Power Button"
[LOG] New keyboard created, pointers Hypr: a8f7eda0 and WLR: a902b0a8
[LOG] Attached a keyboard with name Video Bus
[LOG] Registered signal for owner a8e81310: a8fb0260 -> a8e81318 (owner: Keyboard)
[LOG] Registered signal for owner a8e81310: a8fb0250 -> a8e81380 (owner: Keyboard)
[LOG] Registered signal for owner a8e81310: a8fb0130 -> a8e81450 (owner: Keyboard)
[LOG] Registered signal for owner a8e81310: a8fb0270 -> a8e813e8 (owner: Keyboard)
[LOG] ApplyConfigToKeyboard for "Video Bus", hasconfig: 0
[LOG] Attempting to create a keymap for layout us with variant  (rules: , model: , options: ctrl:nocaps,altwin:swap_lalt_lwin)
[LOG] Set the keyboard layout to us and variant to  for keyboard "Video Bus"
[LOG] New keyboard created, pointers Hypr: a8e81310 and WLR: a8fb0118
[LOG] Attached a keyboard with name Power Button
[LOG] Registered signal for owner a9054820: a908e180 -> a9054828 (owner: Keyboard)
[LOG] Registered signal for owner a9054820: a908e170 -> a9054890 (owner: Keyboard)
[LOG] Registered signal for owner a9054820: a908e050 -> a9054960 (owner: Keyboard)
[LOG] Registered signal for owner a9054820: a908e190 -> a90548f8 (owner: Keyboard)
[LOG] ApplyConfigToKeyboard for "Power Button", hasconfig: 0
[LOG] Attempting to create a keymap for layout us with variant  (rules: , model: , options: ctrl:nocaps,altwin:swap_lalt_lwin)
[LOG] Set the keyboard layout to us and variant to  for keyboard "Power Button"
[LOG] New keyboard created, pointers Hypr: a9054820 and WLR: a908e038
[LOG] Attached a keyboard with name Logitech G304
[LOG] Registered signal for owner a90b4430: a90b4040 -> a90b4438 (owner: Keyboard)
[LOG] Registered signal for owner a90b4430: a90b4030 -> a90b44a0 (owner: Keyboard)
[LOG] Registered signal for owner a90b4430: a90b3f10 -> a90b4570 (owner: Keyboard)
[LOG] Registered signal for owner a90b4430: a90b4050 -> a90b4508 (owner: Keyboard)
[LOG] ApplyConfigToKeyboard for "Logitech G304", hasconfig: 0
[LOG] Attempting to create a keymap for layout us with variant  (rules: , model: , options: ctrl:nocaps,altwin:swap_lalt_lwin)
[LOG] Set the keyboard layout to us and variant to  for keyboard "Logitech G304"
[LOG] New keyboard created, pointers Hypr: a90b4430 and WLR: a90b3ef8
[LOG] Attached a mouse with name Logitech G304
[LOG] New mouse has libinput sens 0.00 (0.00) with accel profile 2 (2)
[LOG] Applied config to mouse Logitech G304, sens 0.00
[LOG] Registered signal for owner a90bc060: a90b4090 -> a90bc120 (owner: Mouse)
[LOG] New mouse created, pointer WLR: a90b4078
[LOG] Attached a keyboard with name SINO WEALTH RK Bluetooth Keyboard
[LOG] Registered signal for owner a90f0880: a90f0490 -> a90f0888 (owner: Keyboard)
[LOG] Registered signal for owner a90f0880: a90f0480 -> a90f08f0 (owner: Keyboard)
[LOG] Registered signal for owner a90f0880: a90f0360 -> a90f09c0 (owner: Keyboard)
[LOG] Registered signal for owner a90f0880: a90f04a0 -> a90f0958 (owner: Keyboard)
[LOG] ApplyConfigToKeyboard for "SINO WEALTH RK Bluetooth Keyboard", hasconfig: 0
[LOG] Attempting to create a keymap for layout us with variant  (rules: , model: , options: ctrl:nocaps,altwin:swap_lalt_lwin)
[LOG] Set the keyboard layout to us and variant to  for keyboard "SINO WEALTH RK Bluetooth Keyboard"
[LOG] New keyboard created, pointers Hypr: a90f0880 and WLR: a90f0348
[LOG] Attached a keyboard with name SINO WEALTH RK Bluetooth Keyboard System Control
[LOG] Registered signal for owner a912b250: a912ae60 -> a912b258 (owner: Keyboard)
[LOG] Registered signal for owner a912b250: a912ae50 -> a912b2c0 (owner: Keyboard)
[LOG] Registered signal for owner a912b250: a912ad30 -> a912b390 (owner: Keyboard)
[LOG] Registered signal for owner a912b250: a912ae70 -> a912b328 (owner: Keyboard)
[LOG] ApplyConfigToKeyboard for "SINO WEALTH RK Bluetooth Keyboard System Control", hasconfig: 0
[LOG] Attempting to create a keymap for layout us with variant  (rules: , model: , options: ctrl:nocaps,altwin:swap_lalt_lwin)
[LOG] Set the keyboard layout to us and variant to  for keyboard "SINO WEALTH RK Bluetooth Keyboard System Control"
[LOG] New keyboard created, pointers Hypr: a912b250 and WLR: a912ad18
[LOG] Attached a keyboard with name SINO WEALTH RK Bluetooth Keyboard Consumer Control
[LOG] Registered signal for owner a91653e0: a9164ff0 -> a91653e8 (owner: Keyboard)
[LOG] Registered signal for owner a91653e0: a9164fe0 -> a9165450 (owner: Keyboard)
[LOG] Registered signal for owner a91653e0: a9164ec0 -> a9165520 (owner: Keyboard)
[LOG] Registered signal for owner a91653e0: a9165000 -> a91654b8 (owner: Keyboard)
[LOG] ApplyConfigToKeyboard for "SINO WEALTH RK Bluetooth Keyboard Consumer Control", hasconfig: 0
[LOG] Attempting to create a keymap for layout us with variant  (rules: , model: , options: ctrl:nocaps,altwin:swap_lalt_lwin)
[LOG] Set the keyboard layout to us and variant to  for keyboard "SINO WEALTH RK Bluetooth Keyboard Consumer Control"
[LOG] New keyboard created, pointers Hypr: a91653e0 and WLR: a9164ea8
[LOG] Attached a mouse with name SINO WEALTH RK Bluetooth Keyboard Consumer Control
[LOG] New mouse has libinput sens 0.00 (0.00) with accel profile 0 (0)
[LOG] Applied config to mouse Logitech G304, sens 0.00
[LOG] Applied config to mouse SINO WEALTH RK Bluetooth Keyboard Consumer Control, sens 0.00
[LOG] Registered signal for owner a916ae70: a9165040 -> a916af30 (owner: Mouse)
[LOG] New mouse created, pointer WLR: a9165028
[LOG] Attached a keyboard with name SINO WEALTH RK Bluetooth Keyboard
[LOG] Registered signal for owner a919f690: a919f2a0 -> a919f698 (owner: Keyboard)
[LOG] Registered signal for owner a919f690: a919f290 -> a919f700 (owner: Keyboard)
[LOG] Registered signal for owner a919f690: a919f170 -> a919f7d0 (owner: Keyboard)
[LOG] Registered signal for owner a919f690: a919f2b0 -> a919f768 (owner: Keyboard)
[LOG] ApplyConfigToKeyboard for "SINO WEALTH RK Bluetooth Keyboard", hasconfig: 0
[LOG] Attempting to create a keymap for layout us with variant  (rules: , model: , options: ctrl:nocaps,altwin:swap_lalt_lwin)
[LOG] Set the keyboard layout to us and variant to  for keyboard "SINO WEALTH RK Bluetooth Keyboard"
[LOG] New keyboard created, pointers Hypr: a919f690 and WLR: a919f158
[LOG] Attached a keyboard with name Samson Technologies Samson Q2U Microphone
[LOG] Registered signal for owner a91d8c70: a91d8880 -> a91d8c78 (owner: Keyboard)
[LOG] Registered signal for owner a91d8c70: a91d8870 -> a91d8ce0 (owner: Keyboard)
[LOG] Registered signal for owner a91d8c70: a91d8750 -> a91d8db0 (owner: Keyboard)
[LOG] Registered signal for owner a91d8c70: a91d8890 -> a91d8d48 (owner: Keyboard)
[LOG] ApplyConfigToKeyboard for "Samson Technologies Samson Q2U Microphone", hasconfig: 0
[LOG] Attempting to create a keymap for layout us with variant  (rules: , model: , options: ctrl:nocaps,altwin:swap_lalt_lwin)
[LOG] Set the keyboard layout to us and variant to  for keyboard "Samson Technologies Samson Q2U Microphone"
[LOG] New keyboard created, pointers Hypr: a91d8c70 and WLR: a91d8738
[LOG] Adding completely new monitor.
[WARN] No rule found for HDMI-A-1, trying to use the first.
[LOG] Registered signal for owner a8f9e110: a9211710 -> a8f9e258 (owner: )
[LOG] Registered signal for owner a8f9e110: a92117b0 -> a8f9e2c0 (owner: )
[LOG] Applying monitor rule for HDMI-A-1
[LOG] Monitor HDMI-A-1: requested 1920x1080@75.000000, found available mode: 1920x1080@74973mHz, applying.
[LOG] Pending output HDMI-A-1 does not accept VRR.
[LOG] Monitor HDMI-A-1 -> destroyed all render data
[LOG] Monitor HDMI-A-1 layers arranged: reserved: 0.000000 0.000000 0.000000 0.000000
[LOG] Added new monitor with name HDMI-A-1 at 0,0 with size 1920x1080, pointer a92115d0
[LOG] New monitor: WORKSPACEID 1, exists: 0
[LOG] Monitor HDMI-A-1 layers arranged: reserved: 0.000000 0.000000 0.000000 0.000000
[LOG] Hyprland is ready, running the event loop!
[LOG] Config executing WAYLAND_DISPLAY=wayland-0 DISPLAY=:1 librewolf
[LOG] Process created with pid 9104
[LOG] Config executing WAYLAND_DISPLAY=wayland-0 DISPLAY=:1 wezterm start ~/.config/scripts/new_tmux_terminal.sh
[LOG] Process created with pid 9106
[LOG] Config executing WAYLAND_DISPLAY=wayland-0 DISPLAY=:1 discord
[LOG] Process created with pid 9108
[LOG] Config executing WAYLAND_DISPLAY=wayland-0 DISPLAY=:1 spotify
[LOG] Process created with pid 9111
[LOG] Config executing WAYLAND_DISPLAY=wayland-0 DISPLAY=:1 dunst
[LOG] Process created with pid 9114
[LOG] Config executing WAYLAND_DISPLAY=wayland-0 DISPLAY=:1 swaybg -i /home/angelo-f/Pictures/Wallpapers/fuji.jpg
[LOG] Process created with pid 9116
[LOG] Config executing WAYLAND_DISPLAY=wayland-0 DISPLAY=:1 ~/.config/hypr/cleanup_after_start.sh
[LOG] Process created with pid 9119
[LOG] Config executing WAYLAND_DISPLAY=wayland-0 DISPLAY=:1 ~/.config/hypr/start.sh
[LOG] Process created with pid 9123
[LOG] ApplyConfigToKeyboard for "Power Button", hasconfig: 0
[LOG] Attempting to create a keymap for layout us with variant  (rules: , model: , options: ctrl:nocaps,altwin:swap_lalt_lwin)
[LOG] Set the keyboard layout to us and variant to  for keyboard "Power Button"
[LOG] ApplyConfigToKeyboard for "Video Bus", hasconfig: 0
[LOG] Attempting to create a keymap for layout us with variant  (rules: , model: , options: ctrl:nocaps,altwin:swap_lalt_lwin)
[LOG] Set the keyboard layout to us and variant to  for keyboard "Video Bus"
[LOG] ApplyConfigToKeyboard for "Power Button", hasconfig: 0
[LOG] Attempting to create a keymap for layout us with variant  (rules: , model: , options: ctrl:nocaps,altwin:swap_lalt_lwin)
[LOG] Set the keyboard layout to us and variant to  for keyboard "Power Button"
[LOG] ApplyConfigToKeyboard for "Logitech G304", hasconfig: 0
[LOG] Attempting to create a keymap for layout us with variant  (rules: , model: , options: ctrl:nocaps,altwin:swap_lalt_lwin)
[LOG] Set the keyboard layout to us and variant to  for keyboard "Logitech G304"
[LOG] ApplyConfigToKeyboard for "SINO WEALTH RK Bluetooth Keyboard", hasconfig: 0
[LOG] Attempting to create a keymap for layout us with variant  (rules: , model: , options: ctrl:nocaps,altwin:swap_lalt_lwin)
[LOG] Set the keyboard layout to us and variant to  for keyboard "SINO WEALTH RK Bluetooth Keyboard"
[LOG] ApplyConfigToKeyboard for "SINO WEALTH RK Bluetooth Keyboard System Control", hasconfig: 0
[LOG] Attempting to create a keymap for layout us with variant  (rules: , model: , options: ctrl:nocaps,altwin:swap_lalt_lwin)
[LOG] Set the keyboard layout to us and variant to  for keyboard "SINO WEALTH RK Bluetooth Keyboard System Control"
[LOG] ApplyConfigToKeyboard for "SINO WEALTH RK Bluetooth Keyboard Consumer Control", hasconfig: 0
[LOG] Attempting to create a keymap for layout us with variant  (rules: , model: , options: ctrl:nocaps,altwin:swap_lalt_lwin)
[LOG] Set the keyboard layout to us and variant to  for keyboard "SINO WEALTH RK Bluetooth Keyboard Consumer Control"
[LOG] ApplyConfigToKeyboard for "SINO WEALTH RK Bluetooth Keyboard", hasconfig: 0
[LOG] Attempting to create a keymap for layout us with variant  (rules: , model: , options: ctrl:nocaps,altwin:swap_lalt_lwin)
[LOG] Set the keyboard layout to us and variant to  for keyboard "SINO WEALTH RK Bluetooth Keyboard"
[LOG] ApplyConfigToKeyboard for "Samson Technologies Samson Q2U Microphone", hasconfig: 0
[LOG] Attempting to create a keymap for layout us with variant  (rules: , model: , options: ctrl:nocaps,altwin:swap_lalt_lwin)
[LOG] Set the keyboard layout to us and variant to  for keyboard "Samson Technologies Samson Q2U Microphone"
[LOG] Applied config to mouse Logitech G304, sens 0.00
[LOG] Applied config to mouse SINO WEALTH RK Bluetooth Keyboard Consumer Control, sens 0.00
[WARN] No rule found for HDMI-A-1, trying to use the first.
[ERR] Error in getMonitorFromString: invalid num
[LOG] Applying monitor rule for HDMI-A-1
[LOG] Not applying a new rule to HDMI-A-1 because it's already applied!
[LOG] Monitor HDMI-A-1 layers arranged: reserved: 0.000000 0.000000 0.000000 0.000000
[LOG] Framebuffer created, status 36053
[LOG] Framebuffer created, status 36053
[LOG] Framebuffer created, status 36053
[LOG] Framebuffer created, status 36053
[LOG] Allocated texture for BGTex
[LOG] Background created for monitor HDMI-A-1
[LOG] Shaders initialized successfully.
[LOG] Registered signal for owner a94659c0: a9466ae0 -> a9465b10 (owner: layerSurface)
[LOG] Registered signal for owner a94659c0: a946e298 -> a94659d8 (owner: layerSurface)
[LOG] Registered signal for owner a94659c0: a946e2a8 -> a9465a40 (owner: layerSurface)
[LOG] Registered signal for owner a94659c0: a946e2b8 -> a9465aa8 (owner: layerSurface)
[LOG] Registered signal for owner a94659c0: a946e2c8 -> a9465b78 (owner: layerSurface)
[LOG] LayerSurface a946e1c0 (namespace wallpaper layer 0) created on monitor HDMI-A-1
[LOG] LayerSurface a947e3a0 arranged: x: 0 y: 0 w: 1920 h: 1080 with margins: t: 0 l: 0 r: 0 b: 0
[LOG] Monitor HDMI-A-1 layers arranged: reserved: 0.000000 0.000000 0.000000 0.000000
[LOG] New TextInput added!
[LOG] Registered signal for owner a9412450: a945e2d8 -> a9412460 (owner: textInput)
[LOG] Registered signal for owner a9412450: a945e2e8 -> a9412530 (owner: textInput)
[LOG] Registered signal for owner a9412450: a945e2f8 -> a94124c8 (owner: textInput)
[LOG] Registered signal for owner a9412450: a945e308 -> a9412598 (owner: textInput)
[LOG] New XDG Surface created. (class: (null))
[LOG] Registered signal for owner a94b4aa0: a94632a8 -> a94b4b08 (owner: XDG Window)
[LOG] Registered signal for owner a94b4aa0: a94632b8 -> a94b4b70 (owner: XDG Window)
[LOG] Registered signal for owner a94b4aa0: a9463278 -> a94b4bd8 (owner: XDG Window)
[LOG] New XWayland Surface created (class (null)).
[LOG] Registered signal for owner a94a2cc0: a94abe48 -> a94a2d28 (owner: XWayland Window)
[LOG] Registered signal for owner a94a2cc0: a94abe58 -> a94a2d90 (owner: XWayland Window)
[LOG] Registered signal for owner a94a2cc0: a94abdc8 -> a94a2df8 (owner: XWayland Window)
[LOG] Registered signal for owner a94b4aa0: a94ca9b0 -> a94b50b8 (owner: Toplevel)
[LOG] Registered signal for owner a94b4aa0: a94ca9c0 -> a94b5120 (owner: Toplevel)
[LOG] Registered signal for owner a94b4aa0: a94ca9d0 -> a94b5050 (owner: Toplevel)
[LOG] Searching for matching rules for org.wezfurlong.wezterm (title: wezterm)
[LOG] Window rule workspace 3 silent -> wezterm matched a94b4aa0 [wezterm]
[LOG] Rule workspace matched by window a94b4aa0, wezterm applied.
[LOG] Set keyboard focus to surface a94d2680, with window name: wezterm
[LOG] Window got assigned a surfaceTreeNode 0
[LOG] Registered signal for owner a94b4aa0: a94d2940 -> a94b4aa0 (owner: XDG Window Late)
[LOG] Registered signal for owner a94b4aa0: a94c2120 -> a94b4c40 (owner: XDG Window Late)
[LOG] Registered signal for owner a94b4aa0: a9463298 -> a94b4d78 (owner: XDG Window Late)
[LOG] Registered signal for owner a94b4aa0: a94c20b0 -> a94b4eb0 (owner: XDG Window Late)
[LOG] Registered signal for owner a94b4aa0: a94c20d0 -> a94b4e48 (owner: XDG Window Late)
[LOG] Registered signal for owner a94b4aa0: a94c20e0 -> a94b4de0 (owner: XDG Window Late)
[LOG] Registered signal for owner a94b4aa0: a94c20f0 -> a94b4f18 (owner: XDG Window Late)
[LOG] Registered signal for owner a94b4aa0: a94c20c0 -> a94b4d10 (owner: XDG Window Late)
[WARN] Suppressed (ignoreevents true / shutting down) event of type activewindow, content: ,
[WARN] Suppressed (ignoreevents true / shutting down) event of type activewindow, content: ,
[WARN] Suppressed (ignoreevents true / shutting down) event of type workspace, content: 3
[LOG] Changed to workspace 3
[WARN] Suppressed (ignoreevents true / shutting down) event of type movewindow, content: a94b4aa0,3
[LOG] Set keyboard focus to surface a94d2680, with window name: wezterm
[WARN] Suppressed (ignoreevents true / shutting down) event of type activewindow, content: org.wezfurlong.wezterm,wezterm
[WARN] Suppressed (ignoreevents true / shutting down) event of type workspace, content: 1
[LOG] Changed to workspace 1
[LOG] Changed to workspace 1
[LOG] Registered signal for owner a9402bf0: a94d2950 -> a9402bf8 (owner: SurfaceTreeNode)
[LOG] Registered signal for owner a9402bf0: a94d2940 -> a9402c60 (owner: SurfaceTreeNode)
[LOG] Registered signal for owner a9402bf0: a94d2960 -> a9402cc8 (owner: SurfaceTreeNode)
[LOG] Creating a surfaceTree Root! (pWindow: a94b4aa0)
[LOG] Map request dispatched, monitor HDMI-A-1, xywh: 0.000000 0.000000 1920.000000 1080.000000
[LOG] Window a94b4aa0 set title to bash
[ERR] Enabling TextInput on no IME!
[ERR] Disabling TextInput on no IME!
[ERR] Enabling TextInput on no IME!
[ERR] Disabling TextInput on no IME!
[LOG] LayerSurface a946e1c0 mapped
[LOG] LayerSurface a947e3a0 arranged: x: 0 y: 0 w: 1920 h: 1080 with margins: t: 0 l: 0 r: 0 b: 0
[LOG] Monitor HDMI-A-1 layers arranged: reserved: 0.000000 0.000000 0.000000 0.000000
[LOG] New XWayland Surface created (class (null)).
[LOG] Registered signal for owner a949d2b0: a948ebc8 -> a949d318 (owner: XWayland Window)
[LOG] Registered signal for owner a949d2b0: a948ebd8 -> a949d380 (owner: XWayland Window)
[LOG] Registered signal for owner a949d2b0: a948eb48 -> a949d3e8 (owner: XWayland Window)
[LOG] New XWayland Surface created (class (null)).
[LOG] Registered signal for owner a94691f0: a949e1c8 -> a9469258 (owner: XWayland Window)
[LOG] Registered signal for owner a94691f0: a949e1d8 -> a94692c0 (owner: XWayland Window)
[LOG] Registered signal for owner a94691f0: a949e148 -> a9469328 (owner: XWayland Window)
[ERR] Error in getAppIDClass: basic_string: construction from null is not valid
[LOG] Registered signal for owner a949d2b0: a948f680 -> a949d8c8 (owner: Toplevel)
[LOG] Registered signal for owner a949d2b0: a948f690 -> a949d930 (owner: Toplevel)
[LOG] Registered signal for owner a949d2b0: a948f6a0 -> a949d860 (owner: Toplevel)
[ERR] Error in getAppIDClass: basic_string: construction from null is not valid
[LOG] Searching for matching rules for  (title: )
[LOG] Set keyboard focus to surface a9469f80, with window name: 
[ERR] Error in getAppIDClass: basic_string: construction from null is not valid
[LOG] Window got assigned a surfaceTreeNode 0
[LOG] Registered signal for owner a949d2b0: a948eba8 -> a949d520 (owner: XWayland Window Late)
[LOG] Registered signal for owner a949d2b0: a948ebb8 -> a949d790 (owner: XWayland Window Late)
[LOG] Registered signal for owner a949d2b0: a948eb58 -> a949d7f8 (owner: XWayland Window Late)
[LOG] Registered signal for owner a949d2b0: a948ebe8 -> a949d450 (owner: XWayland Window Late)
[LOG] Registered signal for owner a92af420: a946a250 -> a92af428 (owner: SurfaceTreeNode)
[LOG] Registered signal for owner a92af420: a946a240 -> a92af490 (owner: SurfaceTreeNode)
[LOG] Registered signal for owner a92af420: a946a260 -> a92af4f8 (owner: SurfaceTreeNode)
[LOG] Creating a surfaceTree Root! (pWindow: a949d2b0)
[LOG] Map request dispatched, monitor HDMI-A-1, xywh: 560.000000 240.000000 800.000000 600.000000
[ERR] Error in getAppIDClass: basic_string: construction from null is not valid
[LOG] New XWayland Surface created (class (null)).
[LOG] Registered signal for owner a94cf200: a948f118 -> a94cf268 (owner: XWayland Window)
[LOG] Registered signal for owner a94cf200: a948f128 -> a94cf2d0 (owner: XWayland Window)
[LOG] Registered signal for owner a94cf200: a948f098 -> a94cf338 (owner: XWayland Window)
[ERR] Error in getAppIDClass: basic_string: construction from null is not valid
[LOG] Window a949d2b0 set title to Spotify
[LOG] New XWayland Surface created (class (null)).
[LOG] Registered signal for owner a94fa2e0: a94aff48 -> a94fa348 (owner: XWayland Window)
[LOG] Registered signal for owner a94fa2e0: a94aff58 -> a94fa3b0 (owner: XWayland Window)
[LOG] Registered signal for owner a94fa2e0: a94afec8 -> a94fa418 (owner: XWayland Window)
[LOG] New XWayland Surface created (class (null)).
[LOG] Registered signal for owner a94adad0: a9482378 -> a94adb38 (owner: XWayland Window)
[LOG] Registered signal for owner a94adad0: a9482388 -> a94adba0 (owner: XWayland Window)
[LOG] Registered signal for owner a94adad0: a94822f8 -> a94adc08 (owner: XWayland Window)
[LOG] New XWayland Surface created (class (null)).
[LOG] Registered signal for owner a94ba4c0: a94ba2a8 -> a94ba528 (owner: XWayland Window)
[LOG] Registered signal for owner a94ba4c0: a94ba2b8 -> a94ba590 (owner: XWayland Window)
[LOG] Registered signal for owner a94ba4c0: a94ba228 -> a94ba5f8 (owner: XWayland Window)
[LOG] Registered signal for owner a94adad0: a94d9230 -> a94ae0e8 (owner: Toplevel)
[LOG] Registered signal for owner a94adad0: a94d9240 -> a94ae150 (owner: Toplevel)
[LOG] Registered signal for owner a94adad0: a94d9250 -> a94ae080 (owner: Toplevel)
[LOG] Searching for matching rules for discord (title: Discord Updater)
[LOG] Window rule workspace 4 silent -> discord matched a94adad0 [Discord Updater]
[LOG] Rule workspace matched by window a94adad0, discord applied.
[LOG] Set keyboard focus to surface a94d8400, with window name: Discord Updater
[LOG] Window got assigned a surfaceTreeNode 0
[LOG] Registered signal for owner a94adad0: a9482358 -> a94add40 (owner: XWayland Window Late)
[LOG] Registered signal for owner a94adad0: a9482368 -> a94adfb0 (owner: XWayland Window Late)
[LOG] Registered signal for owner a94adad0: a9482308 -> a94ae018 (owner: XWayland Window Late)
[LOG] Registered signal for owner a94adad0: a9482398 -> a94adc70 (owner: XWayland Window Late)
[WARN] Suppressed (ignoreevents true / shutting down) event of type activewindow, content: ,
[WARN] Suppressed (ignoreevents true / shutting down) event of type activewindow, content: ,
[WARN] Suppressed (ignoreevents true / shutting down) event of type workspace, content: 4
[LOG] Changed to workspace 4
[WARN] Suppressed (ignoreevents true / shutting down) event of type movewindow, content: a94adad0,4
[LOG] Set keyboard focus to surface a94d8400, with window name: Discord Updater
[WARN] Suppressed (ignoreevents true / shutting down) event of type activewindow, content: discord,Discord Updater
[WARN] Suppressed (ignoreevents true / shutting down) event of type workspace, content: 1
[LOG] Changed to workspace 1
[WARN] Suppressed (ignoreevents true / shutting down) event of type activewindow, content: ,
[LOG] Changed to workspace 1
[WARN] Suppressed (ignoreevents true / shutting down) event of type activewindow, content: ,
[LOG] Registered signal for owner a94824b0: a94d86d0 -> a94824b8 (owner: SurfaceTreeNode)
[LOG] Registered signal for owner a94824b0: a94d86c0 -> a9482520 (owner: SurfaceTreeNode)
[LOG] Registered signal for owner a94824b0: a94d86e0 -> a9482588 (owner: SurfaceTreeNode)
[LOG] Creating a surfaceTree Root! (pWindow: a94adad0)
[LOG] Map request dispatched, monitor HDMI-A-1, xywh: 810.000000 15.000000 300.000000 350.000000
[LOG] New TextInput added!
[LOG] Registered signal for owner a919c2c0: a94d66b8 -> a919c2d0 (owner: textInput)
[LOG] Registered signal for owner a919c2c0: a94d66c8 -> a919c3a0 (owner: textInput)
[LOG] Registered signal for owner a919c2c0: a94d66d8 -> a919c338 (owner: textInput)
[LOG] Registered signal for owner a919c2c0: a94d66e8 -> a919c408 (owner: textInput)
[LOG] New XDG Surface created. (class: librewolf)
[LOG] Registered signal for owner a95097d0: a950c9a8 -> a9509838 (owner: XDG Window)
[LOG] Registered signal for owner a95097d0: a950c9b8 -> a95098a0 (owner: XDG Window)
[LOG] Registered signal for owner a95097d0: a950c978 -> a9509908 (owner: XDG Window)
[LOG] Registered signal for owner a95097d0: a9509700 -> a9509de8 (owner: Toplevel)
[LOG] Registered signal for owner a95097d0: a9509710 -> a9509e50 (owner: Toplevel)
[LOG] Registered signal for owner a95097d0: a9509720 -> a9509d80 (owner: Toplevel)
[LOG] Searching for matching rules for librewolf (title: LibreWolf)
[LOG] Window rule workspace 2 silent -> librewolf matched a95097d0 [LibreWolf]
[LOG] Rule workspace matched by window a95097d0, librewolf applied.
[LOG] Set keyboard focus to surface a94a9760, with window name: LibreWolf
[LOG] Window got assigned a surfaceTreeNode 0
[LOG] Registered signal for owner a95097d0: a94a9a20 -> a95097d0 (owner: XDG Window Late)
[LOG] Registered signal for owner a95097d0: a9509560 -> a9509970 (owner: XDG Window Late)
[LOG] Registered signal for owner a95097d0: a950c998 -> a9509aa8 (owner: XDG Window Late)
[LOG] Registered signal for owner a95097d0: a95094f0 -> a9509be0 (owner: XDG Window Late)
[LOG] Registered signal for owner a95097d0: a9509510 -> a9509b78 (owner: XDG Window Late)
[LOG] Registered signal for owner a95097d0: a9509520 -> a9509b10 (owner: XDG Window Late)
[LOG] Registered signal for owner a95097d0: a9509530 -> a9509c48 (owner: XDG Window Late)
[LOG] Registered signal for owner a95097d0: a9509500 -> a9509a40 (owner: XDG Window Late)
[WARN] Suppressed (ignoreevents true / shutting down) event of type activewindow, content: ,
[WARN] Suppressed (ignoreevents true / shutting down) event of type activewindow, content: ,
[WARN] Suppressed (ignoreevents true / shutting down) event of type workspace, content: 2
[LOG] Changed to workspace 2
[WARN] Suppressed (ignoreevents true / shutting down) event of type movewindow, content: a95097d0,2
[LOG] Set keyboard focus to surface a94a9760, with window name: LibreWolf
[WARN] Suppressed (ignoreevents true / shutting down) event of type activewindow, content: librewolf,LibreWolf
[WARN] Suppressed (ignoreevents true / shutting down) event of type workspace, content: 1
[LOG] Changed to workspace 1
[WARN] Suppressed (ignoreevents true / shutting down) event of type activewindow, content: ,
[LOG] Changed to workspace 1
[WARN] Suppressed (ignoreevents true / shutting down) event of type activewindow, content: ,
[LOG] Registered signal for owner a92df170: a94a9a30 -> a92df178 (owner: SurfaceTreeNode)
[LOG] Registered signal for owner a92df170: a94a9a20 -> a92df1e0 (owner: SurfaceTreeNode)
[LOG] Registered signal for owner a92df170: a94a9a40 -> a92df248 (owner: SurfaceTreeNode)
[LOG] Added a new subsurface a94c8300
[LOG] Registered signal for owner a94da290: a94c83b0 -> a94da2a8 (owner: Subsurface)
[LOG] Registered signal for owner a94da290: a94c83c0 -> a94da310 (owner: Subsurface)
[LOG] Registered signal for owner a94da290: a94c83a0 -> a94da378 (owner: Subsurface)
[LOG] Creating a surfaceTree Root! (pWindow: a95097d0)
[LOG] Map request dispatched, monitor HDMI-A-1, xywh: 0.000000 0.000000 1920.000000 1080.000000
[LOG] Keybind triggered, calling dispatcher (64, , 49)
[LOG] Set keyboard focus to surface a9469f80, with window name: Spotify
[LOG] Keybind triggered, calling dispatcher (65, , 53)
[WARN] Suppressed (ignoreevents true / shutting down) event of type activewindow, content: ,
[WARN] Suppressed (ignoreevents true / shutting down) event of type activewindow, content: ,
[WARN] Suppressed (ignoreevents true / shutting down) event of type workspace, content: 5
[LOG] Changed to workspace 5
[WARN] Suppressed (ignoreevents true / shutting down) event of type movewindow, content: a949d2b0,5
[LOG] Set keyboard focus to surface a9469f80, with window name: Spotify
[WARN] Suppressed (ignoreevents true / shutting down) event of type activewindow, content: Spotify,Spotify
[WARN] Suppressed (ignoreevents true / shutting down) event of type workspace, content: 1
[LOG] Changed to workspace 1
[LOG] Changed to workspace 1
[LOG] Registered signal for owner a8f55ff0: a9507290 -> a8f56140 (owner: layerSurface)
[LOG] Registered signal for owner a8f55ff0: a9507498 -> a8f56008 (owner: layerSurface)
[LOG] Registered signal for owner a8f55ff0: a95074a8 -> a8f56070 (owner: layerSurface)
[LOG] Registered signal for owner a8f55ff0: a95074b8 -> a8f560d8 (owner: layerSurface)
[LOG] Registered signal for owner a8f55ff0: a95074c8 -> a8f561a8 (owner: layerSurface)
[LOG] LayerSurface a95073c0 (namespace waybar layer 2) created on monitor HDMI-A-1
[LOG] LayerSurface a92dd430 arranged: x: 0 y: 0 w: 1920 h: 35 with margins: t: 0 l: 0 r: 0 b: 0
[LOG] LayerSurface a947e3a0 arranged: x: 0 y: 0 w: 1920 h: 1080 with margins: t: 0 l: 0 r: 0 b: 0
[LOG] Monitor HDMI-A-1 layers arranged: reserved: 0.000000 35.000000 0.000000 0.000000
[LOG] LayerSurface a95073c0 mapped
[LOG] LayerSurface a92dd430 arranged: x: 0 y: 0 w: 1920 h: 35 with margins: t: 0 l: 0 r: 0 b: 0
[LOG] LayerSurface a947e3a0 arranged: x: 0 y: 0 w: 1920 h: 1080 with margins: t: 0 l: 0 r: 0 b: 0
[LOG] Monitor HDMI-A-1 layers arranged: reserved: 0.000000 35.000000 0.000000 0.000000
[LOG] Keybind triggered, calling dispatcher (64, , 100)
[LOG] Executing WAYLAND_DISPLAY=wayland-0 DISPLAY=:1 rofi -show drun -o DP-3
[LOG] Process Created with pid 9991
[LOG] New LayerSurface has no preferred monitor. Assigning Monitor HDMI-A-1
[LOG] Registered signal for owner a9017ac0: a9519c30 -> a9017c10 (owner: layerSurface)
[LOG] Registered signal for owner a9017ac0: a9519e38 -> a9017ad8 (owner: layerSurface)
[LOG] Registered signal for owner a9017ac0: a9519e48 -> a9017b40 (owner: layerSurface)
[LOG] Registered signal for owner a9017ac0: a9519e58 -> a9017ba8 (owner: layerSurface)
[LOG] Registered signal for owner a9017ac0: a9519e68 -> a9017c78 (owner: layerSurface)
[LOG] LayerSurface a9519d60 (namespace rofi layer 3) created on monitor HDMI-A-1
[LOG] LayerSurface a92dd430 arranged: x: 0 y: 0 w: 1920 h: 35 with margins: t: 0 l: 0 r: 0 b: 0
[LOG] LayerSurface a947e3a0 arranged: x: 0 y: 0 w: 1920 h: 1080 with margins: t: 0 l: 0 r: 0 b: 0
[LOG] LayerSurface a94aa230 arranged: x: 0 y: 35 w: 1920 h: 1045 with margins: t: 0 l: 0 r: 0 b: 0
[LOG] Monitor HDMI-A-1 layers arranged: reserved: 0.000000 35.000000 0.000000 0.000000
[LOG] LayerSurface a9519d60 mapped
[LOG] LayerSurface a92dd430 arranged: x: 0 y: 0 w: 1920 h: 35 with margins: t: 0 l: 0 r: 0 b: 0
[LOG] LayerSurface a947e3a0 arranged: x: 0 y: 0 w: 1920 h: 1080 with margins: t: 0 l: 0 r: 0 b: 0
[LOG] LayerSurface a94aa230 arranged: x: 760 y: 285 w: 400 h: 545 with margins: t: 0 l: 0 r: 0 b: 0
[LOG] Monitor HDMI-A-1 layers arranged: reserved: 0.000000 35.000000 0.000000 0.000000
[LOG] Set keyboard focus to surface a9519970
[LOG] LayerSurface a92dd430 arranged: x: 0 y: 0 w: 1920 h: 35 with margins: t: 0 l: 0 r: 0 b: 0
[LOG] LayerSurface a947e3a0 arranged: x: 0 y: 0 w: 1920 h: 1080 with margins: t: 0 l: 0 r: 0 b: 0
[LOG] LayerSurface a94aa230 arranged: x: 760 y: 285 w: 400 h: 545 with margins: t: 0 l: 0 r: 0 b: 0
[LOG] Monitor HDMI-A-1 layers arranged: reserved: 0.000000 35.000000 0.000000 0.000000
[LOG] LayerSurface a9519d60 unmapped
[LOG] Framebuffer created, status 36053
[LOG] LayerSurface a9519d60 destroyed
[LOG] Callback a9017c38 -> a9017c30, layerSurface removed.
[LOG] Callback a9017b00 -> a9017af8, layerSurface removed.
[LOG] Callback a9017b68 -> a9017b60, layerSurface removed.
[LOG] Callback a9017bd0 -> a9017bc8, layerSurface removed.
[LOG] Callback a9017ca0 -> a9017c98, layerSurface removed.
[LOG] LayerSurface a92dd430 arranged: x: 0 y: 0 w: 1920 h: 35 with margins: t: 0 l: 0 r: 0 b: 0
[LOG] LayerSurface a947e3a0 arranged: x: 0 y: 0 w: 1920 h: 1080 with margins: t: 0 l: 0 r: 0 b: 0
[LOG] Monitor HDMI-A-1 layers arranged: reserved: 0.000000 35.000000 0.000000 0.000000
[LOG] New XWayland Surface created (class (null)).
[LOG] Registered signal for owner a951e010: a951a608 -> a951e078 (owner: XWayland Window)
[LOG] Registered signal for owner a951e010: a951a618 -> a951e0e0 (owner: XWayland Window)
[LOG] Registered signal for owner a951e010: a951a588 -> a951e148 (owner: XWayland Window)
[LOG] Window a951e010 destroyed, queueing. (class unmanaged X11)
[LOG] XWayland class raw: (null)
[LOG] Callback a951e0a0 -> a951e098, XWayland Window removed.
[LOG] Callback a951e108 -> a951e100, XWayland Window removed.
[LOG] Callback a951e170 -> a951e168, XWayland Window removed.
[LOG] New XWayland Surface created (class (null)).
[LOG] Registered signal for owner a951eda0: a951a608 -> a951ee08 (owner: XWayland Window)
[LOG] Registered signal for owner a951eda0: a951a618 -> a951ee70 (owner: XWayland Window)
[LOG] Registered signal for owner a951eda0: a951a588 -> a951eed8 (owner: XWayland Window)
[LOG] Window a951eda0 destroyed, queueing. (class unmanaged X11)
[LOG] XWayland class raw: (null)
[LOG] Callback a951ee30 -> a951ee28, XWayland Window removed.
[LOG] Callback a951ee98 -> a951ee90, XWayland Window removed.
[LOG] Callback a951ef00 -> a951eef8, XWayland Window removed.
[LOG] New XWayland Surface created (class (null)).
[LOG] Registered signal for owner a951fb30: a951a608 -> a951fb98 (owner: XWayland Window)
[LOG] Registered signal for owner a951fb30: a951a618 -> a951fc00 (owner: XWayland Window)
[LOG] Registered signal for owner a951fb30: a951a588 -> a951fc68 (owner: XWayland Window)
[LOG] Window a951fb30 destroyed, queueing. (class unmanaged X11)
[LOG] XWayland class raw: (null)
[LOG] Callback a951fbc0 -> a951fbb8, XWayland Window removed.
[LOG] Callback a951fc28 -> a951fc20, XWayland Window removed.
[LOG] Callback a951fc90 -> a951fc88, XWayland Window removed.
[LOG] New XWayland Surface created (class (null)).
[LOG] Registered signal for owner a95208c0: a951a608 -> a9520928 (owner: XWayland Window)
[LOG] Registered signal for owner a95208c0: a951a618 -> a9520990 (owner: XWayland Window)
[LOG] Registered signal for owner a95208c0: a951a588 -> a95209f8 (owner: XWayland Window)
[LOG] Window a95208c0 destroyed, queueing. (class unmanaged X11)
[LOG] XWayland class raw: (null)
[LOG] Callback a9520950 -> a9520948, XWayland Window removed.
[LOG] Callback a95209b8 -> a95209b0, XWayland Window removed.
[LOG] Callback a9520a20 -> a9520a18, XWayland Window removed.
[LOG] New XWayland Surface created (class (null)).
[LOG] Registered signal for owner a9521650: a951a608 -> a95216b8 (owner: XWayland Window)
[LOG] Registered signal for owner a9521650: a951a618 -> a9521720 (owner: XWayland Window)
[LOG] Registered signal for owner a9521650: a951a588 -> a9521788 (owner: XWayland Window)
[LOG] Window a9521650 destroyed, queueing. (class unmanaged X11)
[LOG] XWayland class raw: (null)
[LOG] Callback a95216e0 -> a95216d8, XWayland Window removed.
[LOG] Callback a9521748 -> a9521740, XWayland Window removed.
[LOG] Callback a95217b0 -> a95217a8, XWayland Window removed.
[LOG] New XWayland Surface created (class (null)).
[LOG] Registered signal for owner a95223e0: a951a608 -> a9522448 (owner: XWayland Window)
[LOG] Registered signal for owner a95223e0: a951a618 -> a95224b0 (owner: XWayland Window)
[LOG] Registered signal for owner a95223e0: a951a588 -> a9522518 (owner: XWayland Window)
[LOG] Window a95223e0 destroyed, queueing. (class unmanaged X11)
[LOG] XWayland class raw: (null)
[LOG] Callback a9522470 -> a9522468, XWayland Window removed.
[LOG] Callback a95224d8 -> a95224d0, XWayland Window removed.
[LOG] Callback a9522540 -> a9522538, XWayland Window removed.
[LOG] Cleanup: destroyed a layersurface
[LOG] New XDG Surface created. (class: lutris)
[LOG] Registered signal for owner a9523170: a951bdb8 -> a95231d8 (owner: XDG Window)
[LOG] Registered signal for owner a9523170: a951bdc8 -> a9523240 (owner: XDG Window)
[LOG] Registered signal for owner a9523170: a951bd88 -> a95232a8 (owner: XDG Window)
[LOG] New TextInput added!
[LOG] Registered signal for owner a93f0250: a951b1f8 -> a93f0260 (owner: textInput)
[LOG] Registered signal for owner a93f0250: a951b208 -> a93f0330 (owner: textInput)
[LOG] Registered signal for owner a93f0250: a951b218 -> a93f02c8 (owner: textInput)
[LOG] Registered signal for owner a93f0250: a951b228 -> a93f0398 (owner: textInput)
[ERR] Error in getAppIDClass: basic_string: construction from null is not valid
[LOG] Window a9523170 destroyed, queueing. (class )
[LOG] Callback a9523200 -> a95231f8, XDG Window removed.
[LOG] Callback a9523268 -> a9523260, XDG Window removed.
[LOG] Callback a95232d0 -> a95232c8, XDG Window removed.
[LOG] New XDG Surface created. (class: lutris)
[LOG] Registered signal for owner a95241c0: a9523ff8 -> a9524228 (owner: XDG Window)
[LOG] Registered signal for owner a95241c0: a9524008 -> a9524290 (owner: XDG Window)
[LOG] Registered signal for owner a95241c0: a9523fc8 -> a95242f8 (owner: XDG Window)
[LOG] Registered signal for owner a95241c0: a9526340 -> a95247d8 (owner: Toplevel)
[LOG] Registered signal for owner a95241c0: a9526350 -> a9524840 (owner: Toplevel)
[LOG] Registered signal for owner a95241c0: a9526360 -> a9524770 (owner: Toplevel)
[LOG] Searching for matching rules for lutris (title: Lutris)
[LOG] Set keyboard focus to surface a951b830, with window name: Lutris
[LOG] Window got assigned a surfaceTreeNode 0
[LOG] Registered signal for owner a95241c0: a951baf0 -> a95241c0 (owner: XDG Window Late)
[LOG] Registered signal for owner a95241c0: a9524190 -> a9524360 (owner: XDG Window Late)
[LOG] Registered signal for owner a95241c0: a9523fe8 -> a9524498 (owner: XDG Window Late)
[LOG] Registered signal for owner a95241c0: a9524120 -> a95245d0 (owner: XDG Window Late)
[LOG] Registered signal for owner a95241c0: a9524140 -> a9524568 (owner: XDG Window Late)
[LOG] Registered signal for owner a95241c0: a9524150 -> a9524500 (owner: XDG Window Late)
[LOG] Registered signal for owner a95241c0: a9524160 -> a9524638 (owner: XDG Window Late)
[LOG] Registered signal for owner a95241c0: a9524130 -> a9524430 (owner: XDG Window Late)
[LOG] Registered signal for owner a92df310: a951bb00 -> a92df318 (owner: SurfaceTreeNode)
[LOG] Registered signal for owner a92df310: a951baf0 -> a92df380 (owner: SurfaceTreeNode)
[LOG] Registered signal for owner a92df310: a951bb10 -> a92df3e8 (owner: SurfaceTreeNode)
[LOG] Creating a surfaceTree Root! (pWindow: a95241c0)
[LOG] Map request dispatched, monitor HDMI-A-1, xywh: 0.000000 35.000000 1920.000000 1045.000000
[LOG] New XWayland Surface created (class (null)).
[LOG] Registered signal for owner a952d400: a952bc78 -> a952d468 (owner: XWayland Window)
[LOG] Registered signal for owner a952d400: a952bc88 -> a952d4d0 (owner: XWayland Window)
[LOG] Registered signal for owner a952d400: a952bbf8 -> a952d538 (owner: XWayland Window)
[LOG] Window a952d400 destroyed, queueing. (class unmanaged X11)
[LOG] XWayland class raw: (null)
[LOG] Callback a952d490 -> a952d488, XWayland Window removed.
[LOG] Callback a952d4f8 -> a952d4f0, XWayland Window removed.
[LOG] Callback a952d560 -> a952d558, XWayland Window removed.
[LOG] New XWayland Surface created (class (null)).
[LOG] Registered signal for owner a952e190: a952b638 -> a952e1f8 (owner: XWayland Window)
[LOG] Registered signal for owner a952e190: a952b648 -> a952e260 (owner: XWayland Window)
[LOG] Registered signal for owner a952e190: a952b5b8 -> a952e2c8 (owner: XWayland Window)
[LOG] Window a952e190 destroyed, queueing. (class unmanaged X11)
[LOG] XWayland class raw: (null)
[LOG] Callback a952e220 -> a952e218, XWayland Window removed.
[LOG] Callback a952e288 -> a952e280, XWayland Window removed.
[LOG] Callback a952e2f0 -> a952e2e8, XWayland Window removed.
[LOG] New XWayland Surface created (class (null)).
[LOG] Registered signal for owner a952ef20: a952bc78 -> a952ef88 (owner: XWayland Window)
[LOG] Registered signal for owner a952ef20: a952bc88 -> a952eff0 (owner: XWayland Window)
[LOG] Registered signal for owner a952ef20: a952bbf8 -> a952f058 (owner: XWayland Window)
[LOG] Registered signal for owner a952ef20: a952b040 -> a952f538 (owner: Toplevel)
[LOG] Registered signal for owner a952ef20: a952b050 -> a952f5a0 (owner: Toplevel)
[LOG] Registered signal for owner a952ef20: a952b060 -> a952f4d0 (owner: Toplevel)
[LOG] Searching for matching rules for gamescope (title: Hades)
[LOG] Set keyboard focus to surface a952c220, with window name: Hades
[LOG] Window got assigned a surfaceTreeNode 0
[LOG] Registered signal for owner a952ef20: a952bc58 -> a952f190 (owner: XWayland Window Late)
[LOG] Registered signal for owner a952ef20: a952bc68 -> a952f400 (owner: XWayland Window Late)
[LOG] Registered signal for owner a952ef20: a952bc08 -> a952f468 (owner: XWayland Window Late)
[LOG] Registered signal for owner a952ef20: a952bc98 -> a952f0c0 (owner: XWayland Window Late)
[LOG] Registered signal for owner a92ac9e0: a952c4f0 -> a92ac9e8 (owner: SurfaceTreeNode)
[LOG] Registered signal for owner a92ac9e0: a952c4e0 -> a92aca50 (owner: SurfaceTreeNode)
[LOG] Registered signal for owner a92ac9e0: a952c500 -> a92acab8 (owner: SurfaceTreeNode)
[LOG] Creating a surfaceTree Root! (pWindow: a952ef20)
[LOG] Map request dispatched, monitor HDMI-A-1, xywh: 0.000000 0.000000 1920.000000 1080.000000
[LOG] New mouse constraint at a94a8d80
[LOG] Registered signal for owner a92e5e40: a94a8e88 -> a92e5eb8 (owner: Constraint)
[LOG] Registered signal for owner a92e5e40: a94a8e78 -> a92e5e50 (owner: Constraint)
[LOG] Constraint rechecked: 0, 0 to 1920, 1080 for a952c220 (window name: )
[LOG] Registered signal for owner a916ae70: a952c4e0 -> a916aec8 (owner: Mouse constraint commit)
[LOG] Constrained mouse to a94a8d80
[LOG] Hyprctl: keyword windowrule : workspace unset,librewolf
[LOG] Hyprctl: keyword windowrule : workspace unset,wezterm
[LOG] Hyprctl: keyword windowrule : workspace unset,discord
[LOG] Hyprctl: keyword windowrule : workspace unset,.*Spotify.*
[LOG] Keybind triggered, calling dispatcher (65, , 56)
[LOG] Callback a916aef0 -> a916aee8, Mouse constraint commit removed.
[WARN] Suppressed (ignoreevents true / shutting down) event of type activewindow, content: ,
[WARN] Suppressed (ignoreevents true / shutting down) event of type activewindow, content: ,
[WARN] Suppressed (ignoreevents true / shutting down) event of type workspace, content: 8
[LOG] Changed to workspace 8
[WARN] Suppressed (ignoreevents true / shutting down) event of type movewindow, content: a952ef20,8
[LOG] Set keyboard focus to surface a952c220, with window name: Hades
[WARN] Suppressed (ignoreevents true / shutting down) event of type activewindow, content: gamescope,Hades
[WARN] Suppressed (ignoreevents true / shutting down) event of type workspace, content: 1
[LOG] Changed to workspace 1
[LOG] Set keyboard focus to surface a951b830, with window name: Lutris
[WARN] Suppressed (ignoreevents true / shutting down) event of type activewindow, content: lutris,Lutris
[LOG] Changed to workspace 1
[LOG] Window a952ef20 fullscreen to 1
[LOG] Unconstrained mouse from a94a8d80
[LOG] Callback a92e5ee0 -> a92e5ed8, Constraint removed.
[LOG] Callback a92e5e78 -> a92e5e70, Constraint removed.
[LOG] New mouse constraint at a94a8cf0
[LOG] Registered signal for owner a94a8c00: a94a8df8 -> a94a8c78 (owner: Constraint)
[LOG] Registered signal for owner a94a8c00: a94a8de8 -> a94a8c10 (owner: Constraint)
[LOG] Keybind triggered, calling dispatcher (64, , 55)
[LOG] Changed to workspace 7
[LOG] Keybind triggered, calling dispatcher (64, , 54)
[LOG] Changed to workspace 6
[LOG] Destroying workspace ID 7
[LOG] Keybind triggered, calling dispatcher (64, , 56)
[LOG] Changed to workspace 8
[LOG] Set keyboard focus to surface a952c220, with window name: Hades
[LOG] Unconstrained mouse from a94a8cf0
[LOG] Callback a94a8ca0 -> a94a8c98, Constraint removed.
[LOG] Callback a94a8c38 -> a94a8c30, Constraint removed.
[LOG] New mouse constraint at a9533e00
[LOG] Registered signal for owner a9457d80: a9533f08 -> a9457df8 (owner: Constraint)
[LOG] Registered signal for owner a9457d80: a9533ef8 -> a9457d90 (owner: Constraint)
[LOG] Constraint rechecked: 0, 0 to 1920, 1080 for a952c220 (window name: )
[LOG] Registered signal for owner a916ae70: a952c4e0 -> a916aec8 (owner: Mouse constraint commit)
[LOG] Constrained mouse to a9533e00
[LOG] Destroying workspace ID 6
[LOG] Keybind triggered, calling dispatcher (65, , 49)
[LOG] Callback a916aef0 -> a916aee8, Mouse constraint commit removed.
[WARN] Suppressed (ignoreevents true / shutting down) event of type activewindow, content: ,
[WARN] Suppressed (ignoreevents true / shutting down) event of type workspace, content: 1
[LOG] Changed to workspace 1
[LOG] Set keyboard focus to surface a951b830, with window name: Lutris
[WARN] Suppressed (ignoreevents true / shutting down) event of type activewindow, content: lutris,Lutris
[WARN] Suppressed (ignoreevents true / shutting down) event of type movewindow, content: a952ef20,1
[WARN] Suppressed (ignoreevents true / shutting down) event of type fullscreen, content: 0
[LOG] Set keyboard focus to surface a952c220, with window name: Hades
[WARN] Suppressed (ignoreevents true / shutting down) event of type activewindow, content: gamescope,Hades
[WARN] Suppressed (ignoreevents true / shutting down) event of type workspace, content: 8
[LOG] Changed to workspace 8
[LOG] Changed to workspace 8
[LOG] Unconstrained mouse from a9533e00
[LOG] Callback a9457e20 -> a9457e18, Constraint removed.
[LOG] Callback a9457db8 -> a9457db0, Constraint removed.
[LOG] New mouse constraint at a9533e00
[LOG] Registered signal for owner a95307d0: a9533f08 -> a9530848 (owner: Constraint)
[LOG] Registered signal for owner a95307d0: a9533ef8 -> a95307e0 (owner: Constraint)
[LOG] Keybind triggered, calling dispatcher (64, , 52)
[LOG] Changed to workspace 4
[LOG] Set keyboard focus to surface a94d8400, with window name: Discord Updater
[LOG] Destroying workspace ID 8
[LOG] Unconstrained mouse from a9533e00
[LOG] Callback a9530870 -> a9530868, Constraint removed.
[LOG] Callback a9530808 -> a9530800, Constraint removed.
[LOG] Keybind triggered, calling dispatcher (64, , 50)
[LOG] Changed to workspace 2
[LOG] Set keyboard focus to surface a94a9760, with window name: LibreWolf
[LOG] Subsurface a94c8300 mapped
[LOG] Registered signal for owner a8fcab40: a94a8660 -> a8fcab48 (owner: SurfaceTreeNode)
[LOG] Registered signal for owner a8fcab40: a94a8650 -> a8fcabb0 (owner: SurfaceTreeNode)
[LOG] Registered signal for owner a8fcab40: a94a8670 -> a8fcac18 (owner: SurfaceTreeNode)
[LOG] Creating a subsurface Node! (pWindow: a95097d0)
[LOG] Window a95097d0 set title to Restore Session — LibreWolf
[LOG] Window a95097d0 set title to LibreWolf
[LOG] Window a95097d0 set title to Restore Session — LibreWolf
[LOG] Keybind triggered, calling dispatcher (64, , 51)
[LOG] Changed to workspace 3
[LOG] Set keyboard focus to surface a94d2680, with window name: bash
[ERR] Enabling TextInput on no IME!
[ERR] Committing TextInput on no IME!
[ERR] Committing TextInput on no IME!
[LOG] Keybind triggered, calling dispatcher (64, , 50)
[LOG] Changed to workspace 2
[LOG] Set keyboard focus to surface a94a9760, with window name: Restore Session — LibreWolf
[ERR] Disabling TextInput on no IME!
[ERR] Committing TextInput on no IME!
[LOG] Keybind triggered, calling dispatcher (64, , 49)
[LOG] Changed to workspace 1
[LOG] Set keyboard focus to surface a952c220, with window name: Hades
[LOG] New mouse constraint at a94ca400
[LOG] Registered signal for owner a92e5e40: a94ca508 -> a92e5eb8 (owner: Constraint)
[LOG] Registered signal for owner a92e5e40: a94ca4f8 -> a92e5e50 (owner: Constraint)
[LOG] Constraint rechecked: 0, 0 to 1920, 1080 for a952c220 (window name: )
[LOG] Registered signal for owner a916ae70: a952c4e0 -> a916aec8 (owner: Mouse constraint commit)
[LOG] Constrained mouse to a94ca400
